  Source.cpp
C:\Users\Spartanec\source\repos\LAb1\camera.h(22): warning C4244: аргумент: преобразование "double" в "float", возможна потеря данных
C:\Users\Spartanec\source\repos\LAb1\camera.h(26): warning C4244: аргумент: преобразование "double" в "float", возможна потеря данных
C:\Users\Spartanec\source\repos\LAb1\camera.h(30): warning C4244: аргумент: преобразование "double" в "float", возможна потеря данных
C:\Users\Spartanec\source\repos\LAb1\camera.h(33): warning C4244: аргумент: преобразование "double" в "float", возможна потеря данных
C:\Users\Spartanec\source\repos\LAb1\Source.cpp(30): warning C4244: аргумент: преобразование "float" в "T", возможна потеря данных
          with
          [
              T=int
          ]
C:\Users\Spartanec\source\repos\LAb1\Source.cpp(54): warning C4244: инициализация: преобразование "float" в "int", возможна потеря данных
C:\Users\Spartanec\source\repos\LAb1\Source.cpp(55): warning C4244: инициализация: преобразование "float" в "int", возможна потеря данных
C:\Users\Spartanec\source\repos\LAb1\Source.cpp(65): warning C4244: =: преобразование "int" в "float", возможна потеря данных
C:\Users\Spartanec\source\repos\LAb1\Source.cpp(73): warning C4244: =: преобразование "int" в "float", возможна потеря данных
C:\Users\Spartanec\source\repos\LAb1\Source.cpp(119): warning C4244: инициализация: преобразование "sf::Int64" в "float", возможна потеря данных
C:\Users\Spartanec\source\repos\LAb1\Source.cpp(137): warning C4305: =: усечение из "double" в "float"
C:\Users\Spartanec\source\repos\LAb1\Source.cpp(138): warning C4244: +=: преобразование "double" в "float", возможна потеря данных
C:\Users\Spartanec\source\repos\LAb1\Source.cpp(144): warning C4305: =: усечение из "double" в "float"
C:\Users\Spartanec\source\repos\LAb1\Source.cpp(145): warning C4244: +=: преобразование "double" в "float", возможна потеря данных
C:\Users\Spartanec\source\repos\LAb1\Source.cpp(151): warning C4305: =: усечение из "double" в "float"
C:\Users\Spartanec\source\repos\LAb1\Source.cpp(152): warning C4244: +=: преобразование "double" в "float", возможна потеря данных
C:\Users\Spartanec\source\repos\LAb1\Source.cpp(158): warning C4305: =: усечение из "double" в "float"
C:\Users\Spartanec\source\repos\LAb1\Source.cpp(159): warning C4244: +=: преобразование "double" в "float", возможна потеря данных
C:\Users\Spartanec\source\repos\LAb1\Source.cpp(179): warning C4244: аргумент: преобразование "int" в "float", возможна потеря данных
  LAb1.vcxproj -> C:\Users\Spartanec\source\repos\LAb1\x64\Debug\LAb1.exe
